parameters: {'C': 0.001}
PER: 0.5965202982601492
ORG: 0.3168316831683168
LOC: 0.5113415424497731
MISC: 0
TOTAL: 0.4148705917576619

parameters: {'C': 0.01}
PER: 0.7127233929047746
ORG: 0.4712171052631579
LOC: 0.664561957379637
MISC: 0.5288326300984528
TOTAL: 0.6145692254682324

parameters: {'C': 0.1}
PER: 0.7898801597869508
ORG: 0.6113948919449902
LOC: 0.7586767895878526
MISC: 0.657016991818754
TOTAL: 0.71916220068286

parameters: {'C': 1}
PER: 0.8252788104089219
ORG: 0.6926866237211065
LOC: 0.7986520640269588
MISC: 0.728468899521531
TOTAL: 0.7719701535200164

parameters: {'C': 10}
PER: 0.815347721822542
ORG: 0.6931944960952027
LOC: 0.8002276607854297
MISC: 0.7297297297297297
TOTAL: 0.769690486935577

parameters: {'C': 100}
PER: 0.8065974993349295
ORG: 0.674521354933726
LOC: 0.7962489343563512
MISC: 0.716435185185185
TOTAL: 0.7594544735138602

parameters: {'C': 1000}
PER: 0.8076514346439958
ORG: 0.6700955180014696
LOC: 0.7913832199546486
MISC: 0.708261120739457
TOTAL: 0.7560142970398295

parameters: {'C': 1}
PER: 0.8252788104089219
ORG: 0.6926866237211065
LOC: 0.7986520640269588
MISC: 0.728468899521531
TOTAL: 0.7731568998109641

